<?xml version="1.0" encoding="UTF-8"?>
<testng-results skipped="0" failed="1" ignored="0" total="4" passed="3">
  <reporter-output>
  </reporter-output>
  <suite name="Default suite" duration-ms="6063" started-at="2019-05-15T06:25:10Z" finished-at="2019-05-15T06:25:16Z">
    <groups>
    </groups>
    <test name="Default test" duration-ms="6063" started-at="2019-05-15T06:25:10Z" finished-at="2019-05-15T06:25:16Z">
      <class name="headerTest.GetAPIHeaders">
        <test-method status="PASS" signature="setup()[pri:0, instance:headerTest.GetAPIHeaders@2a2d45ba]" name="setup" is-config="true" duration-ms="934" started-at="2019-05-15T06:25:10Z" finished-at="2019-05-15T06:25:11Z">
          <reporter-output>
          </reporter-output>
        </test-method> <!-- setup -->
        <test-method status="PASS" signature="checkAllHeaders()[pri:0, instance:headerTest.GetAPIHeaders@2a2d45ba]" name="checkAllHeaders" duration-ms="1445" started-at="2019-05-15T06:25:11Z" finished-at="2019-05-15T06:25:13Z">
          <reporter-output>
          </reporter-output>
        </test-method> <!-- checkAllHeaders -->
        <test-method status="PASS" signature="tearDown()[pri:0, instance:headerTest.GetAPIHeaders@2a2d45ba]" name="tearDown" is-config="true" duration-ms="2" started-at="2019-05-15T06:25:13Z" finished-at="2019-05-15T06:25:13Z">
          <reporter-output>
          </reporter-output>
        </test-method> <!-- tearDown -->
        <test-method status="PASS" signature="setup()[pri:0, instance:headerTest.GetAPIHeaders@2a2d45ba]" name="setup" is-config="true" duration-ms="12" started-at="2019-05-15T06:25:13Z" finished-at="2019-05-15T06:25:13Z">
          <reporter-output>
          </reporter-output>
        </test-method> <!-- setup -->
        <test-method status="FAIL" signature="checkHeadersContentType1()[pri:0, instance:headerTest.GetAPIHeaders@2a2d45ba]" name="checkHeadersContentType1" duration-ms="1249" started-at="2019-05-15T06:25:13Z" finished-at="2019-05-15T06:25:14Z">
          <exception class="java.lang.AssertionError">
            <message>
              <![CDATA[expected [.application/json; charset=utf-8] but found [application/json; charset=utf-8]]]>
            </message>
            <full-stacktrace>
              <![CDATA[java.lang.AssertionError: expected [.application/json; charset=utf-8] but found [application/json; charset=utf-8]
at org.testng.Assert.fail(Assert.java:96)
at org.testng.Assert.failNotEquals(Assert.java:776)
at org.testng.Assert.assertEqualsImpl(Assert.java:137)
at org.testng.Assert.assertEquals(Assert.java:118)
at org.testng.Assert.assertEquals(Assert.java:453)
at org.testng.Assert.assertEquals(Assert.java:463)
at headerTest.GetAPIHeaders.checkHeadersContentType1(GetAPIHeaders.java:44)
at sun.reflect.NativeMethodAccessorImpl.invoke0(Native Method)
at sun.reflect.NativeMethodAccessorImpl.invoke(Unknown Source)
at sun.reflect.DelegatingMethodAccessorImpl.invoke(Unknown Source)
at java.lang.reflect.Method.invoke(Unknown Source)
at org.testng.internal.MethodInvocationHelper.invokeMethod(MethodInvocationHelper.java:124)
at org.testng.internal.Invoker.invokeMethod(Invoker.java:583)
at org.testng.internal.Invoker.invokeTestMethod(Invoker.java:719)
at org.testng.internal.Invoker.invokeTestMethods(Invoker.java:989)
at org.testng.internal.TestMethodWorker.invokeTestMethods(TestMethodWorker.java:125)
at org.testng.internal.TestMethodWorker.run(TestMethodWorker.java:109)
at org.testng.TestRunner.privateRun(TestRunner.java:648)
at org.testng.TestRunner.run(TestRunner.java:505)
at org.testng.SuiteRunner.runTest(SuiteRunner.java:455)
at org.testng.SuiteRunner.runSequentially(SuiteRunner.java:450)
at org.testng.SuiteRunner.privateRun(SuiteRunner.java:415)
at org.testng.SuiteRunner.run(SuiteRunner.java:364)
at org.testng.SuiteRunnerWorker.runSuite(SuiteRunnerWorker.java:52)
at org.testng.SuiteRunnerWorker.run(SuiteRunnerWorker.java:84)
at org.testng.TestNG.runSuitesSequentially(TestNG.java:1208)
at org.testng.TestNG.runSuitesLocally(TestNG.java:1137)
at org.testng.TestNG.runSuites(TestNG.java:1049)
at org.testng.TestNG.run(TestNG.java:1017)
at org.testng.remote.AbstractRemoteTestNG.run(AbstractRemoteTestNG.java:114)
at org.testng.remote.RemoteTestNG.initAndRun(RemoteTestNG.java:251)
at org.testng.remote.RemoteTestNG.main(RemoteTestNG.java:77)
]]>
            </full-stacktrace>
          </exception> <!-- java.lang.AssertionError -->
          <reporter-output>
          </reporter-output>
        </test-method> <!-- checkHeadersContentType1 -->
        <test-method status="PASS" signature="tearDown()[pri:0, instance:headerTest.GetAPIHeaders@2a2d45ba]" name="tearDown" is-config="true" duration-ms="1" started-at="2019-05-15T06:25:14Z" finished-at="2019-05-15T06:25:14Z">
          <reporter-output>
          </reporter-output>
        </test-method> <!-- tearDown -->
        <test-method status="PASS" signature="setup()[pri:0, instance:headerTest.GetAPIHeaders@2a2d45ba]" name="setup" is-config="true" duration-ms="4" started-at="2019-05-15T06:25:14Z" finished-at="2019-05-15T06:25:14Z">
          <reporter-output>
          </reporter-output>
        </test-method> <!-- setup -->
        <test-method status="PASS" signature="checkHeadersContentType2()[pri:0, instance:headerTest.GetAPIHeaders@2a2d45ba]" name="checkHeadersContentType2" duration-ms="1163" started-at="2019-05-15T06:25:14Z" finished-at="2019-05-15T06:25:15Z">
          <reporter-output>
          </reporter-output>
        </test-method> <!-- checkHeadersContentType2 -->
        <test-method status="PASS" signature="tearDown()[pri:0, instance:headerTest.GetAPIHeaders@2a2d45ba]" name="tearDown" is-config="true" duration-ms="1" started-at="2019-05-15T06:25:15Z" finished-at="2019-05-15T06:25:15Z">
          <reporter-output>
          </reporter-output>
        </test-method> <!-- tearDown -->
        <test-method status="PASS" signature="setup()[pri:0, instance:headerTest.GetAPIHeaders@2a2d45ba]" name="setup" is-config="true" duration-ms="4" started-at="2019-05-15T06:25:15Z" finished-at="2019-05-15T06:25:15Z">
          <reporter-output>
          </reporter-output>
        </test-method> <!-- setup -->
        <test-method status="PASS" signature="checkPresenceofHeader()[pri:0, instance:headerTest.GetAPIHeaders@2a2d45ba]" name="checkPresenceofHeader" duration-ms="1195" started-at="2019-05-15T06:25:15Z" finished-at="2019-05-15T06:25:16Z">
          <reporter-output>
          </reporter-output>
        </test-method> <!-- checkPresenceofHeader -->
        <test-method status="PASS" signature="tearDown()[pri:0, instance:headerTest.GetAPIHeaders@2a2d45ba]" name="tearDown" is-config="true" duration-ms="1" started-at="2019-05-15T06:25:16Z" finished-at="2019-05-15T06:25:16Z">
          <reporter-output>
          </reporter-output>
        </test-method> <!-- tearDown -->
      </class> <!-- headerTest.GetAPIHeaders -->
    </test> <!-- Default test -->
  </suite> <!-- Default suite -->
</testng-results>
